<?xml version="1.0" encoding="UTF-8"?>
<!-- Generated by org.testng.reporters.JUnitReportReporter -->
<testsuite skipped="0" hostname="INHYDSIVARAMK" name="chrom.ChromeCapabilitiesTestNg" tests="1" failures="0" timestamp="14 Mar 2019 10:25:48 GMT" time="15.348" errors="0">
  <testcase name="main" time="15.348" classname="chrom.ChromeCapabilitiesTestNg"/>
</testsuite> <!-- chrom.ChromeCapabilitiesTestNg -->
